* Checking package dependencies... OK
* Checking if other packages can import this one... OK
* Checking to see if we understand object initialization... OK
* Checking for deprecated package usage... OK
* Checking for remote package usage... OK
* Checking for 'LazyData: true' usage... OK
* Checking version number... OK
* Checking version number validity...
* WARNING: y of x.y.z version should be even in release
* Checking R version dependency... OK
* Checking package size... OK
* Checking individual file sizes...
* WARNING: The following files are over 5MB in size: '.git/objects/pack/pack-68e516a07229107e657bc5b03e480ae8b72768f6.pack .git/objects/pack/pack-f4448b9f878edcc4f4f32e7e124f44c6f8859316.pack src/mcscanxr.o src/syntenet.so src/test-runner.o'
* Checking biocViews... OK
* Checking that biocViews are present... OK
* Checking package type based on biocViews... OK
* Checking for non-trivial biocViews... OK
* Checking that biocViews come from the same category... OK
* Checking biocViews validity... OK
* Checking for recommended biocViews... OK
* Checking build system compatibility... OK
* Checking for blank lines in DESCRIPTION... OK
* Checking if DESCRIPTION is well formatted... OK
* Checking for proper Description: field... OK
* Checking for whitespace in DESCRIPTION field names... OK
* Checking that Package field matches directory/tarball name... OK
* Checking for Version field... OK
* Checking for valid maintainer... OK
* Checking License: for restrictive use... OK
* Checking for pinned package versions... OK
* Checking DESCRIPTION/NAMESPACE consistency... OK
* Checking .Rbuildignore... OK
* Checking for stray BiocCheck output folders... OK
* Checking vignette directory... OK
* Checking package installation calls in R code... OK
* Checking for library/require of syntenet... OK
* Checking coding practice... OK
* Checking parsed R code in R directory, examples, vignettes...
* NOTE: Avoid 'suppressWarnings'/'*Messages' if possible (found 1 times)
suppressWarnings() in R/utils_synteny.R (line 150, column 20)
* Checking function lengths...
* NOTE: The recommended function length is 50 lines or less. There are 54 functions greater than 50 lines.
The longest 5 functions are:
plot_profiles() (R/06_dataviz.R): 76 lines
interspecies_synteny() (R/utils_synteny.R): 67 lines
intraspecies_synteny() (R/utils_synteny.R): 57 lines
find_GS_clusters() (R/05_phylogenomic_profiling.R): 56 lines
plot_network() (R/06_dataviz.R): 53 lines
* Checking man page documentation...
* NOTE: Consider adding runnable examples to man pages that documentexported objects.
rcpp_mcscanx_file.Rd
* Checking package NEWS... OK
* Checking unit tests... OK
* Checking skip_on_bioc() in tests... OK
* Checking formatting of DESCRIPTION, NAMESPACE, man pages, R source, and vignette source...
* NOTE: Consider shorter lines; 26 lines (1%) are > 80 characters long.
First few lines:
R/04_synteny_detection.R#L 84             df <- read.table(collinearit...
R/06_dataviz.R#L165 #' @param cluster_id Character scalar or...
R/06_dataviz.R#L257             n, aes(x = .data$x, y = .dat...
R/RcppExports.R#L 37 rcpp_mcscanx_file <- function(blast_file...
R/RcppExports.R#L 38     .Call(`_syntenet_rcpp_mcscanx_file`,...
R/utils.R#L125         stop("Sequence names in 'seq' do...
R/utils.R#L181             paste0(substr(abbrev_df$spec...
man/find_GS_clusters.Rd#L  5 \title{Find group-specific clusters base...
man/syntenet-package.Rd#L  9 \if{html}{\figure{logo.png}{options: sty...
man/syntenet-package.Rd#L 11 syntenet can be used to infer synteny ne...
man/syntenet-package.Rd#L 22 \strong{Maintainer}: Fabrício Almeida-Si...
man/syntenet-package.Rd#L 26   \item Tao Zhao \email{tao.zhao@nwafu.e...
man/syntenet-package.Rd#L 27   \item Kristian K Ullrich \email{ullric...
man/syntenet-package.Rd#L 28   \item Yves Van de Peer \email{yves.van...
vignettes/syntenet.Rmd#L  7     - Department of Plant Biotechnology ...
vignettes/syntenet.Rmd#L 10     - State Key Laboratory of Crop Stres...
vignettes/syntenet.Rmd#L 13     - Department of Evolutionary Biology...
vignettes/syntenet.Rmd#L 17     - Department of Plant Biotechnology ...
vignettes/syntenet.Rmd#L 18     - College of Horticulture, Academy f...
vignettes/syntenet.Rmd#L 19     - Center for Microbial Ecology and G...
vignettes/syntenet.Rmd#L 36     crop = NULL ## Related to https://st...
vignettes/syntenet.Rmd#L289 written in C++, using the `r BiocStyle::...
vignettes/syntenet.Rmd#L339 algorithm to cluster networks, which has...
vignettes/syntenet.Rmd#L584 ```{r vis_phylogeny, message = FALSE, wa...
vignettes/syntenet.Rmd#L693 ## Can I run the DIAMOND searches on the...
vignettes/syntenet.Rmd#L701 1. Export the processed sequences (as re...
* NOTE: Consider multiples of 4 spaces for line indents; 142 lines (4%) are not.
First few lines:
R/02_data_preprocessing.R#L103                           gene_field = "...
R/03_similarity_searches.R#L 75                    "--max-hsps 1 -k", to...
R/05_phylogenomic_profiling.R#L126                              species_ann...
R/05_phylogenomic_profiling.R#L127                              min_percent...
R/05_phylogenomic_profiling.R#L144                          times = names(b...
R/05_phylogenomic_profiling.R#L145                          varying = list(...
R/05_phylogenomic_profiling.R#L158                              all.x = TRU...
R/06_dataviz.R#L218                          cluster_id = NU...
R/06_dataviz.R#L219                          interactive = F...
R/06_dataviz.R#L220                          dim_interactive...
R/06_dataviz.R#L260                                   show.l...
R/07_microsynteny-based_phylogeny.R#L112                                         ...
R/07_microsynteny-based_phylogeny.R#L113                                         ...
R/07_microsynteny-based_phylogeny.R#L114                                         ...
R/07_microsynteny-based_phylogeny.R#L115                                         ...
R/07_microsynteny-based_phylogeny.R#L116                                         ...
R/07_microsynteny-based_phylogeny.R#L117                                         ...
R/07_microsynteny-based_phylogeny.R#L128                      "-bb", bootr, ...
R/07_microsynteny-based_phylogeny.R#L129                      "-alrt", alrtboot, ...
R/07_microsynteny-based_phylogeny.R#L130                      "-nt", threads, ...
R/07_microsynteny-based_phylogeny.R#L131                      root,...
R/07_microsynteny-based_phylogeny.R#L132                      "-m", model,...
R/07_microsynteny-based_phylogeny.R#L133                      "-st MORPH -redo")...
R/catch-routine-registration.R#L  5   .Call("run_testthat_tests", FALSE, PAC...
R/utils.R#L 76              name)...
R/utils.R#L 99                              gene_field ...
R/utils.R#L126              name)...
R/utils.R#L245               "#9467BDFF", "#8C564BFF", ...
R/utils.R#L246               "#BCBD22FF", "#17BECFFF", ...
R/utils.R#L247               "#98DF8AFF", "#FF9896FF", ...
R/utils.R#L248               "#F7B6D2FF", "#C7C7C7FF", ...
R/utils.R#L251               "#636363FF", "#6BAED6FF", ...
R/utils.R#L252               "#9E9AC8FF", "#969696FF", ...
R/utils.R#L253               "#A1D99BFF", "#BCBDDCFF", ...
R/utils.R#L254               "#FDD0A2FF", "#C7E9C0FF", ...
R/utils.R#L257               "#7B4173FF", "#5254A3FF", ...
R/utils.R#L258               "#AD494AFF", "#A55194FF", ...
R/utils.R#L259               "#E7BA52FF", "#D6616BFF", ...
R/utils.R#L260               "#CEDB9CFF", "#E7CB94FF", ...
R/utils.R#L353        is(annot, "CompressedGRangesList"...
R/utils.R#L357              or list of GRanges.") ...
man/cluster_network.Rd#L  8   network = NULL,...
man/cluster_network.Rd#L  9   clust_function = igraph::cluster_infom...
man/cluster_network.Rd#L 10   clust_params = NULL...
man/find_GS_clusters.Rd#L  8   profile_matrix = NULL,...
man/find_GS_clusters.Rd#L  9   species_annotation = NULL,...
man/find_GS_clusters.Rd#L 10   min_percentage = 50...
man/find_GS_clusters.Rd#L 52    Species = species_order,...
man/find_GS_clusters.Rd#L 53    Family = c(rep("Fabaceae", 11), rep("...
man/find_GS_clusters.Rd#L 54               "Moraceae", "Ramnaceae", "...
man/find_GS_clusters.Rd#L 55                rep("Euphorbiaceae", 3), ...
man/infer_microsynteny_phylogeny.Rd#L  8   transposed_profiles = NULL,...
man/infer_microsynteny_phylogeny.Rd#L  9   bootr = 1000,...
man/infer_microsynteny_phylogeny.Rd#L 10   alrtboot = 1000,...
man/infer_microsynteny_phylogeny.Rd#L 11   threads = "AUTO",...
man/infer_microsynteny_phylogeny.Rd#L 12   model = "MK+FO+R",...
man/infer_microsynteny_phylogeny.Rd#L 13   outdir = tempdir(),...
man/infer_microsynteny_phylogeny.Rd#L 14   outgroup = NULL,...
man/infer_microsynteny_phylogeny.Rd#L 15   verbose = FALSE...
man/infer_microsynteny_phylogeny.Rd#L 65                                         ...
man/infer_microsynteny_phylogeny.Rd#L 67  ...
man/infer_syntenet.Rd#L  8   blast_list = NULL,...
man/infer_syntenet.Rd#L  9   annotation = NULL,...
man/infer_syntenet.Rd#L 10   outdir = tempdir(),...
man/infer_syntenet.Rd#L 11   anchors = 5,...
man/infer_syntenet.Rd#L 12   max_gaps = 25,...
man/infer_syntenet.Rd#L 13   is_pairwise = TRUE,...
man/infer_syntenet.Rd#L 14   verbose = FALSE,...
man/infer_syntenet.Rd#L 15   ......
man/interspecies_synteny.Rd#L  8   blast_inter = NULL,...
man/interspecies_synteny.Rd#L  9   annotation = NULL,...
man/interspecies_synteny.Rd#L 10   inter_dir = file.path(tempdir(), "inte...
man/interspecies_synteny.Rd#L 11   anchors = 5,...
man/interspecies_synteny.Rd#L 12   max_gaps = 25,...
man/interspecies_synteny.Rd#L 13   is_pairwise = TRUE,...
man/interspecies_synteny.Rd#L 14   verbose = FALSE,...
man/interspecies_synteny.Rd#L 15   ......
man/intraspecies_synteny.Rd#L  8   blast_intra = NULL,...
man/intraspecies_synteny.Rd#L  9   annotation = NULL,...
man/intraspecies_synteny.Rd#L 10   intra_dir = file.path(tempdir(), "intr...
man/intraspecies_synteny.Rd#L 11   anchors = 5,...
man/intraspecies_synteny.Rd#L 12   max_gaps = 25,...
man/intraspecies_synteny.Rd#L 13   is_pairwise = TRUE,...
man/intraspecies_synteny.Rd#L 14   verbose = FALSE,...
man/intraspecies_synteny.Rd#L 15   ......
man/plot_network.Rd#L  8   network = NULL,...
man/plot_network.Rd#L  9   clusters = NULL,...
man/plot_network.Rd#L 10   cluster_id = NULL,...
man/plot_network.Rd#L 11   color_by = "cluster",...
man/plot_network.Rd#L 12   interactive = FALSE,...
man/plot_network.Rd#L 13   dim_interactive = c(600, 600)...
man/plot_network.Rd#L 62    Species = species_order,...
man/plot_network.Rd#L 63    Family = c(rep("Fabaceae", 11), rep("...
man/plot_network.Rd#L 64               "Moraceae", "Ramnaceae", r...
man/plot_network.Rd#L 65               "Linaceae", "Salicaceae")...
man/plot_profiles.Rd#L  8   profile_matrix = NULL,...
man/plot_profiles.Rd#L  9   species_annotation = NULL,...
man/plot_profiles.Rd#L 10   palette = "Greens",...
man/plot_profiles.Rd#L 11   dist_function = stats::dist,...
man/plot_profiles.Rd#L 12   dist_params = list(method = "euclidean...
man/plot_profiles.Rd#L 13   clust_function = stats::hclust,...
man/plot_profiles.Rd#L 14   clust_params = list(method = "ward.D")...
man/plot_profiles.Rd#L 15   cluster_species = FALSE,...
man/plot_profiles.Rd#L 16   show_colnames = FALSE,...
man/plot_profiles.Rd#L 17   discretize = TRUE,...
man/plot_profiles.Rd#L 18   ......
man/plot_profiles.Rd#L 95    Species = species_order,...
man/plot_profiles.Rd#L 96    Family = c(rep("Fabaceae", 11), rep("...
man/plot_profiles.Rd#L 97               "Moraceae", "Ramnaceae", r...
man/plot_profiles.Rd#L 98               "Linaceae", "Salicaceae")...
man/plot_profiles.Rd#L101                    cluster_species = spe...
man/plot_profiles.Rd#L102                    ...
man/plot_profiles.Rd#L104                    cluster_species = spe...
man/plot_profiles.Rd#L105                    discretize = FALSE)...
man/rcpp_mcscanx_file.Rd#L  8   blast_file,...
man/rcpp_mcscanx_file.Rd#L  9   gff_file,...
man/rcpp_mcscanx_file.Rd#L 10   prefix = "out",...
man/rcpp_mcscanx_file.Rd#L 11   outdir = "",...
man/rcpp_mcscanx_file.Rd#L 12   match_score = 50L,...
man/rcpp_mcscanx_file.Rd#L 13   gap_penalty = -1L,...
man/rcpp_mcscanx_file.Rd#L 14   match_size = 5L,...
man/rcpp_mcscanx_file.Rd#L 15   e_value = 1e-05,...
man/rcpp_mcscanx_file.Rd#L 16   max_gaps = 25L,...
man/rcpp_mcscanx_file.Rd#L 17   overlap_window = 5L,...
man/rcpp_mcscanx_file.Rd#L 18   is_pairwise = FALSE,...
man/rcpp_mcscanx_file.Rd#L 19   in_synteny = 0L,...
man/rcpp_mcscanx_file.Rd#L 20   verbose = FALSE...
man/run_diamond.Rd#L  8   seq = NULL,...
man/run_diamond.Rd#L  9   top_hits = 5,...
man/run_diamond.Rd#L 10   verbose = FALSE,...
man/run_diamond.Rd#L 11   outdir = tempdir(),...
man/run_diamond.Rd#L 12   threads = NULL,...
man/run_diamond.Rd#L 13   compare = "all",...
man/run_diamond.Rd#L 14   ......
man/syntenet-package.Rd#L 16   \item \url{https://github.com/almeidas...
man/syntenet-package.Rd#L 17   \item Report bugs at \url{https://supp...
man/syntenet-package.Rd#L 26   \item Tao Zhao \email{tao.zhao@nwafu.e...
man/syntenet-package.Rd#L 27   \item Kristian K Ullrich \email{ullric...
man/syntenet-package.Rd#L 28   \item Yves Van de Peer \email{yves.van...
vignettes/syntenet.Rmd#L 48   install.packages('BiocManager')...
vignettes/syntenet.Rmd#L539                                         ...
vignettes/syntenet.Rmd#L706           --max-hsps 1 -k 5 --quiet ...
* Checking if package already exists in CRAN... OK
* Checking for bioc-devel mailing list subscription...
* NOTE: Cannot determine whether maintainer is subscribed to the Bioc-Devel mailing list (requires admin credentials). Subscribe here: https://stat.ethz.ch/mailman/listinfo/bioc-devel
* Checking for support site registration... OK
